[www.fitfactoryclubs.com/FitFactory/media/Content/allinoness.html]
[backblue.gif]
[fade.gif]
[index.html]
[browser.sentry-cdn.com/6.4.1/bundle.min.js]
[www.google-analytics.com/analytics.js]
[glowriousdogs.com/wp-content/uploads/2024/04/205.jpg]
[d266key948fg17.cloudfront.net/uploads/168431682360156759f641d331ba88c118477b8ece.png]
[d266key948fg17.cloudfront.net/uploads/1678363540475d14ed4647785d9943fabdba81fdc8.png]
[d266key948fg17.cloudfront.net/uploads/16848062244b0605ff268be8a11f0780c05831ec92.png]
[d266key948fg17.cloudfront.net/uploads/168431940098004f00c658e23aa9dd29ded151ad6d.png]
[glowriousdogs.com/wp-content/uploads/2024/04/1.png]
[d266key948fg17.cloudfront.net/uploads/168431939563a09de0e5363380f1ea407950f5474d.png]
[glowriousdogs.com/wp-content/uploads/2024/04/1-1.png]
[d266key948fg17.cloudfront.net/uploads/168431939602808faaab08fd9dde0fbd3ff971f988.png]
[glowriousdogs.com/wp-content/uploads/2024/04/1-2.png]
[glowriousdogs.com/wp-content/uploads/2024/04/1-3.png]
[glowriousdogs.com/wp-content/uploads/2024/04/1-4.png]
[d266key948fg17.cloudfront.net/uploads/1684319393a80f47ec38f950e4fe8671ede5527fd7.png]
[d266key948fg17.cloudfront.net/uploads/1684319393581893d67fd106a51c6675a9a8ba6635.png]
[d266key948fg17.cloudfront.net/uploads/16843193979c6ef9e25eb97ceb6aaab20f27b4bd98.png]
[glowriousdogs.com/wp-content/uploads/2024/04/1-5.png]
[glowriousdogs.com/wp-content/uploads/2024/04/1-6.png]
[d266key948fg17.cloudfront.net/uploads/168431939899d740cb75eaf4bc0a2e2a82ea8e4acc.png]
[d266key948fg17.cloudfront.net/uploads/1684319399b417c2d1550dc804e2d48ca7046b27d4.png]
[d266key948fg17.cloudfront.net/uploads/16843193997f295a0cc75520812f56588bba7a2805.png]
[d266key948fg17.cloudfront.net/uploads/168431940067c3e52deced3fe3563174a77e5bf43e.png]
[d266key948fg17.cloudfront.net/uploads/1684319401cb8c3b476f611ce52cc02b551e00d4ec.png]
[d266key948fg17.cloudfront.net/uploads/168431940189f281056a86a6b4debe181bc4502bfd.png]
[d266key948fg17.cloudfront.net/uploads/16843194029bc253a75a5f66d41abb85ae80df0738.png]
[ajax.googleapis.com/ajax/libs/jquery/2.2.4/jquery.min.js]
[glowriousdogs.com/wp-content/uploads/2024/04/01.png]
[glowriousdogs.com/wp-content/uploads/2024/04/02.png]
[glowriousdogs.com/wp-content/uploads/2024/04/03.png]
[d266key948fg17.cloudfront.net/uploads/16843261114b9923d2b6a657980c4a0b186936bcf9.png]
[d266key948fg17.cloudfront.net/uploads/16843261098717798949a16889a0956561e70c68bf.png]
[d266key948fg17.cloudfront.net/uploads/1684326110e8df74bd33f2f773238f1cd8f42f5d44.png]
[glowriousdogs.com/wp-content/uploads/2024/04/01-2.png]
[glowriousdogs.com/wp-content/uploads/2024/04/02-2.png]
[glowriousdogs.com/wp-content/uploads/2024/04/03-2.png]
[d266key948fg17.cloudfront.net/uploads/168432630680833c468beb36d42952f1ffb72d92cb.png]
[d266key948fg17.cloudfront.net/uploads/16843263054113487cd1108f2b8413c7cdb1d9997c.png]
[d266key948fg17.cloudfront.net/uploads/1684326305f7ff77b97428f972817fec480f320141.png]
[glowriousdogs.com/wp-content/uploads/2024/04/01-3.png]
[glowriousdogs.com/wp-content/uploads/2024/04/02-3.png]
[glowriousdogs.com/wp-content/uploads/2024/04/03-3.png]
[glowriousdogs.com/wp-content/uploads/2024/04/01-4.png]
[glowriousdogs.com/wp-content/uploads/2024/04/02-4.png]
[glowriousdogs.com/wp-content/uploads/2024/04/03-4.png]
[d266key948fg17.cloudfront.net/uploads/16843267102db4ffa192e07ef55975370602298a35.png]
[d266key948fg17.cloudfront.net/uploads/1684326709c0acaa87cfd9eb45886a0cbd23f53b7f.png]
[d266key948fg17.cloudfront.net/uploads/168432670998a155a986d557def0519633268943b3.png]
[d266key948fg17.cloudfront.net/uploads/16843268618602c6c4637ecc114fe24ae13f89529f.png]
[d266key948fg17.cloudfront.net/uploads/1684326860665bc7f6fbb572a23b936081d11e9edb.png]
[d266key948fg17.cloudfront.net/uploads/16843268607660525341366cab04da8f64ccce8b68.png]
[d266key948fg17.cloudfront.net/uploads/168432696626c5ae3480f5ff8d26ec75a3314fd1ec.png]
[d266key948fg17.cloudfront.net/uploads/16843269656c73427bfcb4dc4a37c798040ebed553.png]
[d266key948fg17.cloudfront.net/uploads/1684326965a79897801cb7af4dd533eec5932f8ae1.png]
[glowriousdogs.com/wp-content/uploads/2024/04/01-5.png]
[glowriousdogs.com/wp-content/uploads/2024/04/02-5.png]
[glowriousdogs.com/wp-content/uploads/2024/04/03-5.png]
[glowriousdogs.com/wp-content/uploads/2024/04/01-6.png]
[glowriousdogs.com/wp-content/uploads/2024/04/02-6.png]
[glowriousdogs.com/wp-content/uploads/2024/04/03-6.png]
[d266key948fg17.cloudfront.net/uploads/1684327409fa252af8128b854caeec75700c979da0.png]
[d266key948fg17.cloudfront.net/uploads/168432740901aede8239d298ea075c2f6856283f5b.png]
[d266key948fg17.cloudfront.net/uploads/1684327410ecdf2c31e9a8d548d7f939488828c9dc.png]
[d266key948fg17.cloudfront.net/uploads/1684327599ca2fd3892df8cb0801c2f69da488c855.png]
[d266key948fg17.cloudfront.net/uploads/16843275983f1c7672e65e69f26dcf3926d4e5b226.png]
[d266key948fg17.cloudfront.net/uploads/1684327598713cee38836a3d8f7181b4b553fdaf76.png]
[d266key948fg17.cloudfront.net/uploads/1684327779cfb2e589acabcce01e9d75314ef63268.png]
[d266key948fg17.cloudfront.net/uploads/168432777842f28dcf78501e9021b513e153bd4d11.png]
[d266key948fg17.cloudfront.net/uploads/1684327778f30fb7eb3b594edc214487ef456aa040.png]
[d266key948fg17.cloudfront.net/uploads/16843203936a23d8561a504dc2c5f5e5b351d193ac.png]
[d266key948fg17.cloudfront.net/uploads/168432031609e65cda6a7ce2b3d5d302386d9a5fa6.png]
[d266key948fg17.cloudfront.net/uploads/16843203188aede74baa69311e04935d3725b9efe4.png]
[d266key948fg17.cloudfront.net/uploads/1684327962032734fef8824fa65384608dd0511c09.png]
[d266key948fg17.cloudfront.net/uploads/1684327963f8ca5339a1014bf22cf0a1ac840259c9.png]
[d266key948fg17.cloudfront.net/uploads/1684327963ba5cf1d2fbfa4f074cc153946854b59f.png]
[d266key948fg17.cloudfront.net/uploads/1684328155ce3368367688272ceaa00dc0923efc3c.png]
[d266key948fg17.cloudfront.net/uploads/168432815468449a42f990e8bb4c1417f5c15baa14.png]
[d266key948fg17.cloudfront.net/uploads/168432815449d78a70d4734336e809f50df269723c.png]
[d266key948fg17.cloudfront.net/uploads/168432831597856eb8927b0997419f6291186ebcde.png]
[d266key948fg17.cloudfront.net/uploads/1684328316b23062bc9892a19cb2149fdefbba7767.png]
[d266key948fg17.cloudfront.net/uploads/16843283143295cd8760f88355ca0be9569a087adf.png]
[d266key948fg17.cloudfront.net/uploads/16843278501c98c3d1370d56930f1abd560c3a45b7.png]
[d266key948fg17.cloudfront.net/uploads/16843278492314c468eb40ea9845e3954924f5dc10.png]
[d266key948fg17.cloudfront.net/uploads/1684327851a3772d418fa6919069c727a57d62d10d.png]
[d266key948fg17.cloudfront.net/uploads/1684328051ce852a54ef4e5d3871405dea443f4c67.png]
[d266key948fg17.cloudfront.net/uploads/1684328050f04f87e3169c2517f8f4b42d55a5d680.png]
[d266key948fg17.cloudfront.net/uploads/1684328050d53344281baf2be494779407cd0d3554.png]
[www.fitfactoryclubs.com/FitFactory/media/Content/allinoness.html]
[www.fitfactoryclubs.com/FitFactory/media/Content/style.html]
[www.fitfactoryclubs.com/FitFactory/media/Content/main.html]
[www.fitfactoryclubs.com/FitFactory/media/Content/customTemplateGlobal.html]
